<?xml version="1.0" encoding="UTF-8"?>
<!-- Generated by org.testng.reporters.JUnitReportReporter -->
<testsuite hostname="PRO-LP146" failures="0" tests="2" name="specs.zazatest1" time="37.140" errors="0" timestamp="2020-03-08T19:46:28 IST" skipped="0">
  <testcase classname="specs.zazatest1" name="prod_deleteBag" time="17.637"/>
  <testcase classname="specs.zazatest1" name="prod_deleteBag" time="19.503"/>
</testsuite> <!-- specs.zazatest1 -->
