<?xml version="1.0" encoding="UTF-8"?>
<!-- Generated by org.testng.reporters.JUnitReportReporter -->
<testsuite hostname="PRO-LP146" failures="0" tests="1" name="zaza.poc.zazatest1" time="8.445" errors="0" timestamp="2020-03-07T13:21:51 IST" skipped="0">
  <testcase classname="zaza.poc.zazatest1" name="case1" time="8.445"/>
</testsuite> <!-- zaza.poc.zazatest1 -->
